-------------------------------------------------------------------------------
Test set: com.edu.proyect.prueba.PruebaApplicationTests
-------------------------------------------------------------------------------
Tests run: 1, Failures: 0, Errors: 1, Skipped: 0, Time elapsed: 3.064 s <<< FAILURE! - in com.edu.proyect.prueba.PruebaApplicationTests
contextLoads  Time elapsed: 0.014 s  <<< ERROR!
java.lang.IllegalStateException: Failed to load ApplicationContext for [WebMergedContextConfiguration@58882a93 testClass = com.edu.proyect.prueba.PruebaApplicationTests, locations = [], classes = [com.edu.proyect.prueba.PruebaApplication], contextInitializerClasses = [], activeProfiles = [], propertySourceLocations = [], propertySourceProperties = ["org.springframework.boot.test.context.SpringBootTestContextBootstrapper=true"], contextCustomizers = [org.springframework.boot.test.context.filter.ExcludeFilterContextCustomizer@72e5a8e, org.springframework.boot.test.json.DuplicateJsonObjectContextCustomizerFactory$DuplicateJsonObjectContextCustomizer@7db12bb6, org.springframework.boot.test.mock.mockito.MockitoContextCustomizer@0, org.springframework.boot.test.web.client.TestRestTemplateContextCustomizer@3012646b, org.springframework.boot.test.autoconfigure.actuate.observability.ObservabilityContextCustomizerFactory$DisableObservabilityContextCustomizer@9da1, org.springframework.boot.test.autoconfigure.properties.PropertyMappingContextCustomizer@0, org.springframework.boot.test.autoconfigure.web.servlet.WebDriverContextCustomizerFactory$Customizer@2a7f1f10, org.springframework.boot.test.context.SpringBootTestAnnotation@de5c2cfa], resourceBasePath = "src/main/webapp", contextLoader = org.springframework.boot.test.context.SpringBootContextLoader, parent = null]
Caused by: org.springframework.beans.factory.BeanCreationException: Error creating bean with name 'entityManagerFactory' defined in class path resource [org/springframework/boot/autoconfigure/orm/jpa/HibernateJpaConfiguration.class]: Collection 'com.edu.proyect.prueba.Model.Cancion.listareproduccion' is 'mappedBy' a property named 'cliente' which does not exist in the target entity 'com.edu.proyect.prueba.Model.ListaReproduccion'
Caused by: org.hibernate.AnnotationException: Collection 'com.edu.proyect.prueba.Model.Cancion.listareproduccion' is 'mappedBy' a property named 'cliente' which does not exist in the target entity 'com.edu.proyect.prueba.Model.ListaReproduccion'

